<?xml version="1.0" encoding="UTF-8"?>
<testng-results skipped="0" failed="0" total="1" passed="1">
  <reporter-output>
    <line>
      <![CDATA[logged in successfully]]>
    </line>
  </reporter-output>
  <suite name="Surefire suite" duration-ms="14822" started-at="2015-04-28T11:52:02Z" finished-at="2015-04-28T11:52:17Z">
    <groups>
    </groups>
    <test name="Surefire test" duration-ms="14822" started-at="2015-04-28T11:52:02Z" finished-at="2015-04-28T11:52:17Z">
      <class name="demo.LoginTest">
        <test-method status="PASS" signature="setUp()[pri:0, instance:demo.LoginTest@515063db]" name="setUp" is-config="true" duration-ms="1168" started-at="2015-04-28T11:52:02Z" finished-at="2015-04-28T11:52:03Z">
          <reporter-output>
          </reporter-output>
        </test-method> <!-- setUp -->
        <test-method status="PASS" signature="loginTest()[pri:0, instance:demo.LoginTest@515063db]" name="loginTest" duration-ms="12192" started-at="2015-04-28T11:52:03Z" finished-at="2015-04-28T11:52:15Z">
          <reporter-output>
            <line>
              <![CDATA[logged in successfully]]>
            </line>
          </reporter-output>
        </test-method> <!-- loginTest -->
        <test-method status="PASS" signature="tearDown()[pri:0, instance:demo.LoginTest@515063db]" name="tearDown" is-config="true" duration-ms="1452" started-at="2015-04-28T11:52:15Z" finished-at="2015-04-28T11:52:17Z">
          <reporter-output>
          </reporter-output>
        </test-method> <!-- tearDown -->
      </class> <!-- demo.LoginTest -->
    </test> <!-- Surefire test -->
  </suite> <!-- Surefire suite -->
</testng-results>
