<?xml version="1.0" encoding="UTF-8"?>
<testng-results skipped="0" failed="0" total="1" passed="1">
  <reporter-output>
    <line>
      <![CDATA[logged in successfully]]>
    </line>
  </reporter-output>
  <suite name="Surefire suite" duration-ms="12603" started-at="2015-04-28T06:28:19Z" finished-at="2015-04-28T06:28:31Z">
    <groups>
    </groups>
    <test name="Surefire test" duration-ms="12603" started-at="2015-04-28T06:28:19Z" finished-at="2015-04-28T06:28:31Z">
      <class name="demo.LoginTest">
        <test-method status="PASS" signature="setUp()[pri:0, instance:demo.LoginTest@62043840]" name="setUp" is-config="true" duration-ms="1442" started-at="2015-04-28T11:58:19Z" finished-at="2015-04-28T11:58:20Z">
          <reporter-output>
          </reporter-output>
        </test-method> <!-- setUp -->
        <test-method status="PASS" signature="loginTest()[pri:0, instance:demo.LoginTest@62043840]" name="loginTest" duration-ms="10533" started-at="2015-04-28T11:58:20Z" finished-at="2015-04-28T11:58:31Z">
          <reporter-output>
            <line>
              <![CDATA[logged in successfully]]>
            </line>
          </reporter-output>
        </test-method> <!-- loginTest -->
        <test-method status="PASS" signature="tearDown()[pri:0, instance:demo.LoginTest@62043840]" name="tearDown" is-config="true" duration-ms="612" started-at="2015-04-28T11:58:31Z" finished-at="2015-04-28T11:58:31Z">
          <reporter-output>
          </reporter-output>
        </test-method> <!-- tearDown -->
      </class> <!-- demo.LoginTest -->
    </test> <!-- Surefire test -->
  </suite> <!-- Surefire suite -->
</testng-results>
