<?xml version="1.0" encoding="UTF-8"?>
<!-- Generated by org.testng.reporters.JUnitXMLReporter -->
<testsuite hostname="testing-worker-linux-docker-86f3cea9-3840-linux-4" name="Surefire test" tests="1" failures="1" timestamp="28 Apr 2015 09:42:09 GMT" time="3.418" errors="0">
  <testcase name="loginTest" time="1.604" classname="demo.LoginTest">
    <failure type="java.lang.AssertionError" message="expected [true] but found [false]">
      <![CDATA[java.lang.AssertionError: expected [true] but found [false]
	at demo.LoginTest.loginTest(LoginTest.java:60)
... Removed 33 stack frames]]>
    </failure>
  </testcase> <!-- loginTest -->
</testsuite> <!-- Surefire test -->
